2025-03-24 23:43:37,510 - ImageProcessor - INFO - 程序启动
2025-03-24 23:43:37,514 - ImageProcessor - INFO - 操作系统: win32
2025-03-24 23:43:37,515 - ImageProcessor - INFO - Python版本: 3.10.0 (tags/v3.10.0:b494f59, Oct  4 2021, 19:00:18) [MSC v.1929 64 bit (AMD64)]
2025-03-24 23:43:45,916 - ImageProcessor - INFO - 收到拖拽数据: [PySide6.QtCore.QUrl('file:///C:/Users/Yt/Desktop/img/????????/?????_20250323211349.jpg'), PySide6.QtCore.QUrl('file:///C:/Users/Yt/Desktop/img/????????/?????_20250323211400.jpg'), PySide6.QtCore.QUrl('file:///C:/Users/Yt/Desktop/img/????????/?????_20250323211417.jpg')]
2025-03-24 23:43:45,918 - ImageProcessor - DEBUG - 正在解析拖拽数据: [PySide6.QtCore.QUrl('file:///C:/Users/Yt/Desktop/img/????????/?????_20250323211349.jpg'), PySide6.QtCore.QUrl('file:///C:/Users/Yt/Desktop/img/????????/?????_20250323211400.jpg'), PySide6.QtCore.QUrl('file:///C:/Users/Yt/Desktop/img/????????/?????_20250323211417.jpg')]
2025-03-24 23:43:45,918 - ImageProcessor - DEBUG - 添加有效路径: C:\Users\Yt\Desktop\img\新建文件夹\微信图片_20250323211349.jpg
2025-03-24 23:43:45,918 - ImageProcessor - DEBUG - 添加有效路径: C:\Users\Yt\Desktop\img\新建文件夹\微信图片_20250323211400.jpg
2025-03-24 23:43:45,918 - ImageProcessor - DEBUG - 添加有效路径: C:\Users\Yt\Desktop\img\新建文件夹\微信图片_20250323211417.jpg
2025-03-24 23:43:45,918 - ImageProcessor - INFO - 最终解析结果: ['C:\\Users\\Yt\\Desktop\\img\\新建文件夹\\微信图片_20250323211349.jpg', 'C:\\Users\\Yt\\Desktop\\img\\新建文件夹\\微信图片_20250323211400.jpg', 'C:\\Users\\Yt\\Desktop\\img\\新建文件夹\\微信图片_20250323211417.jpg']
2025-03-24 23:43:45,918 - ImageProcessor - INFO - 解析后的文件列表: ['C:\\Users\\Yt\\Desktop\\img\\新建文件夹\\微信图片_20250323211349.jpg', 'C:\\Users\\Yt\\Desktop\\img\\新建文件夹\\微信图片_20250323211400.jpg', 'C:\\Users\\Yt\\Desktop\\img\\新建文件夹\\微信图片_20250323211417.jpg']
2025-03-24 23:43:45,919 - ImageProcessor - DEBUG - 处理文件: C:\Users\Yt\Desktop\img\新建文件夹\微信图片_20250323211349.jpg
2025-03-24 23:43:45,919 - ImageProcessor - DEBUG - 有效图片文件: C:\Users\Yt\Desktop\img\新建文件夹\微信图片_20250323211349.jpg
2025-03-24 23:43:45,919 - ImageProcessor - DEBUG - 处理文件: C:\Users\Yt\Desktop\img\新建文件夹\微信图片_20250323211400.jpg
2025-03-24 23:43:45,919 - ImageProcessor - DEBUG - 有效图片文件: C:\Users\Yt\Desktop\img\新建文件夹\微信图片_20250323211400.jpg
2025-03-24 23:43:45,919 - ImageProcessor - DEBUG - 处理文件: C:\Users\Yt\Desktop\img\新建文件夹\微信图片_20250323211417.jpg
2025-03-24 23:43:45,919 - ImageProcessor - DEBUG - 有效图片文件: C:\Users\Yt\Desktop\img\新建文件夹\微信图片_20250323211417.jpg
2025-03-24 23:43:45,919 - ImageProcessor - INFO - 添加了 3 个文件，有效添加 3 个（去重后）
2025-03-24 23:43:45,959 - ImageProcessor - DEBUG - 成功预览图片
2025-03-24 23:43:46,673 - ImageProcessor - INFO - 初始化OCR引擎，使用语言: ['ch_sim', 'en']
2025-03-24 23:43:46,675 - ImageProcessor - INFO - GPU加速状态: 不可用
2025-03-24 23:45:50,759 - ImageProcessor.ProcessThread - ERROR - 方向检测错误: No module named 'pywt'
Traceback (most recent call last):
  File "C:\GitHub\ORC\main.py", line 539, in determine_orientation_by_lines
    row_energies = analyze_projection(row_projection)
  File "C:\GitHub\ORC\main.py", line 533, in analyze_projection
    import pywt
ModuleNotFoundError: No module named 'pywt'
2025-03-24 23:46:00,823 - ImageProcessor - DEBUG - 成功预览图片
