2025-03-24 21:39:52,173 - ImageProcessor - INFO - 程序启动
2025-03-24 21:39:52,173 - ImageProcessor - INFO - 操作系统: win32
2025-03-24 21:39:52,174 - ImageProcessor - INFO - Python版本: 3.10.0 (tags/v3.10.0:b494f59, Oct  4 2021, 19:00:18) [MSC v.1929 64 bit (AMD64)]
2025-03-24 21:39:56,082 - ImageProcessor - INFO - 收到拖拽数据: [PySide6.QtCore.QUrl('file:///C:/Users/Yt/Desktop/img/????????/?????_20250323211400.jpg'), PySide6.QtCore.QUrl('file:///C:/Users/Yt/Desktop/img/????????/?????_20250323211417.jpg'), PySide6.QtCore.QUrl('file:///C:/Users/Yt/Desktop/img/????????/?????_20250323211317.jpg'), PySide6.QtCore.QUrl('file:///C:/Users/Yt/Desktop/img/????????/?????_20250323211329.jpg'), PySide6.QtCore.QUrl('file:///C:/Users/Yt/Desktop/img/????????/?????_20250323211338.jpg'), PySide6.QtCore.QUrl('file:///C:/Users/Yt/Desktop/img/????????/?????_20250323211349.jpg')]
2025-03-24 21:39:56,083 - ImageProcessor - DEBUG - 正在解析拖拽数据: [PySide6.QtCore.QUrl('file:///C:/Users/Yt/Desktop/img/????????/?????_20250323211400.jpg'), PySide6.QtCore.QUrl('file:///C:/Users/Yt/Desktop/img/????????/?????_20250323211417.jpg'), PySide6.QtCore.QUrl('file:///C:/Users/Yt/Desktop/img/????????/?????_20250323211317.jpg'), PySide6.QtCore.QUrl('file:///C:/Users/Yt/Desktop/img/????????/?????_20250323211329.jpg'), PySide6.QtCore.QUrl('file:///C:/Users/Yt/Desktop/img/????????/?????_20250323211338.jpg'), PySide6.QtCore.QUrl('file:///C:/Users/Yt/Desktop/img/????????/?????_20250323211349.jpg')]
2025-03-24 21:39:56,083 - ImageProcessor - DEBUG - 添加有效路径: C:\Users\Yt\Desktop\img\新建文件夹\微信图片_20250323211400.jpg
2025-03-24 21:39:56,085 - ImageProcessor - DEBUG - 添加有效路径: C:\Users\Yt\Desktop\img\新建文件夹\微信图片_20250323211417.jpg
2025-03-24 21:39:56,085 - ImageProcessor - DEBUG - 添加有效路径: C:\Users\Yt\Desktop\img\新建文件夹\微信图片_20250323211317.jpg
2025-03-24 21:39:56,085 - ImageProcessor - DEBUG - 添加有效路径: C:\Users\Yt\Desktop\img\新建文件夹\微信图片_20250323211329.jpg
2025-03-24 21:39:56,085 - ImageProcessor - DEBUG - 添加有效路径: C:\Users\Yt\Desktop\img\新建文件夹\微信图片_20250323211338.jpg
2025-03-24 21:39:56,085 - ImageProcessor - DEBUG - 添加有效路径: C:\Users\Yt\Desktop\img\新建文件夹\微信图片_20250323211349.jpg
2025-03-24 21:39:56,085 - ImageProcessor - INFO - 最终解析结果: ['C:\\Users\\Yt\\Desktop\\img\\新建文件夹\\微信图片_20250323211400.jpg', 'C:\\Users\\Yt\\Desktop\\img\\新建文件夹\\微信图片_20250323211417.jpg', 'C:\\Users\\Yt\\Desktop\\img\\新建文件夹\\微信图片_20250323211317.jpg', 'C:\\Users\\Yt\\Desktop\\img\\新建文件夹\\微信图片_20250323211329.jpg', 'C:\\Users\\Yt\\Desktop\\img\\新建文件夹\\微信图片_20250323211338.jpg', 'C:\\Users\\Yt\\Desktop\\img\\新建文件夹\\微信图片_20250323211349.jpg']
2025-03-24 21:39:56,085 - ImageProcessor - INFO - 解析后的文件列表: ['C:\\Users\\Yt\\Desktop\\img\\新建文件夹\\微信图片_20250323211400.jpg', 'C:\\Users\\Yt\\Desktop\\img\\新建文件夹\\微信图片_20250323211417.jpg', 'C:\\Users\\Yt\\Desktop\\img\\新建文件夹\\微信图片_20250323211317.jpg', 'C:\\Users\\Yt\\Desktop\\img\\新建文件夹\\微信图片_20250323211329.jpg', 'C:\\Users\\Yt\\Desktop\\img\\新建文件夹\\微信图片_20250323211338.jpg', 'C:\\Users\\Yt\\Desktop\\img\\新建文件夹\\微信图片_20250323211349.jpg']
2025-03-24 21:39:56,085 - ImageProcessor - DEBUG - 处理文件: C:\Users\Yt\Desktop\img\新建文件夹\微信图片_20250323211400.jpg
2025-03-24 21:39:56,085 - ImageProcessor - DEBUG - 有效图片文件: C:\Users\Yt\Desktop\img\新建文件夹\微信图片_20250323211400.jpg
2025-03-24 21:39:56,085 - ImageProcessor - DEBUG - 处理文件: C:\Users\Yt\Desktop\img\新建文件夹\微信图片_20250323211417.jpg
2025-03-24 21:39:56,087 - ImageProcessor - DEBUG - 有效图片文件: C:\Users\Yt\Desktop\img\新建文件夹\微信图片_20250323211417.jpg
2025-03-24 21:39:56,087 - ImageProcessor - DEBUG - 处理文件: C:\Users\Yt\Desktop\img\新建文件夹\微信图片_20250323211317.jpg
2025-03-24 21:39:56,087 - ImageProcessor - DEBUG - 有效图片文件: C:\Users\Yt\Desktop\img\新建文件夹\微信图片_20250323211317.jpg
2025-03-24 21:39:56,087 - ImageProcessor - DEBUG - 处理文件: C:\Users\Yt\Desktop\img\新建文件夹\微信图片_20250323211329.jpg
2025-03-24 21:39:56,087 - ImageProcessor - DEBUG - 有效图片文件: C:\Users\Yt\Desktop\img\新建文件夹\微信图片_20250323211329.jpg
2025-03-24 21:39:56,087 - ImageProcessor - DEBUG - 处理文件: C:\Users\Yt\Desktop\img\新建文件夹\微信图片_20250323211338.jpg
2025-03-24 21:39:56,087 - ImageProcessor - DEBUG - 有效图片文件: C:\Users\Yt\Desktop\img\新建文件夹\微信图片_20250323211338.jpg
2025-03-24 21:39:56,087 - ImageProcessor - DEBUG - 处理文件: C:\Users\Yt\Desktop\img\新建文件夹\微信图片_20250323211349.jpg
2025-03-24 21:39:56,087 - ImageProcessor - DEBUG - 有效图片文件: C:\Users\Yt\Desktop\img\新建文件夹\微信图片_20250323211349.jpg
2025-03-24 21:39:56,087 - ImageProcessor - INFO - 添加了 6 个文件，有效添加 6 个（去重后）
