2025-03-24 22:02:04,362 - ImageProcessor - INFO - 程序启动
2025-03-24 22:02:04,362 - ImageProcessor - INFO - 操作系统: win32
2025-03-24 22:02:04,362 - ImageProcessor - INFO - Python版本: 3.10.0 (tags/v3.10.0:b494f59, Oct  4 2021, 19:00:18) [MSC v.1929 64 bit (AMD64)]
2025-03-24 22:02:19,588 - ImageProcessor - INFO - 收到拖拽数据: [PySide6.QtCore.QUrl('file:///C:/Users/Yt/Desktop/img/????????/?????_20250323211329.jpg'), PySide6.QtCore.QUrl('file:///C:/Users/Yt/Desktop/img/????????/?????_20250323211338.jpg'), PySide6.QtCore.QUrl('file:///C:/Users/Yt/Desktop/img/????????/?????_20250323211349.jpg'), PySide6.QtCore.QUrl('file:///C:/Users/Yt/Desktop/img/????????/?????_20250323211400.jpg'), PySide6.QtCore.QUrl('file:///C:/Users/Yt/Desktop/img/????????/?????_20250323211417.jpg'), PySide6.QtCore.QUrl('file:///C:/Users/Yt/Desktop/img/????????/?????_20250323211317.jpg')]
2025-03-24 22:02:19,589 - ImageProcessor - DEBUG - 正在解析拖拽数据: [PySide6.QtCore.QUrl('file:///C:/Users/Yt/Desktop/img/????????/?????_20250323211329.jpg'), PySide6.QtCore.QUrl('file:///C:/Users/Yt/Desktop/img/????????/?????_20250323211338.jpg'), PySide6.QtCore.QUrl('file:///C:/Users/Yt/Desktop/img/????????/?????_20250323211349.jpg'), PySide6.QtCore.QUrl('file:///C:/Users/Yt/Desktop/img/????????/?????_20250323211400.jpg'), PySide6.QtCore.QUrl('file:///C:/Users/Yt/Desktop/img/????????/?????_20250323211417.jpg'), PySide6.QtCore.QUrl('file:///C:/Users/Yt/Desktop/img/????????/?????_20250323211317.jpg')]
2025-03-24 22:02:19,589 - ImageProcessor - DEBUG - 添加有效路径: C:\Users\Yt\Desktop\img\新建文件夹\微信图片_20250323211329.jpg
2025-03-24 22:02:19,589 - ImageProcessor - DEBUG - 添加有效路径: C:\Users\Yt\Desktop\img\新建文件夹\微信图片_20250323211338.jpg
2025-03-24 22:02:19,589 - ImageProcessor - DEBUG - 添加有效路径: C:\Users\Yt\Desktop\img\新建文件夹\微信图片_20250323211349.jpg
2025-03-24 22:02:19,589 - ImageProcessor - DEBUG - 添加有效路径: C:\Users\Yt\Desktop\img\新建文件夹\微信图片_20250323211400.jpg
2025-03-24 22:02:19,589 - ImageProcessor - DEBUG - 添加有效路径: C:\Users\Yt\Desktop\img\新建文件夹\微信图片_20250323211417.jpg
2025-03-24 22:02:19,589 - ImageProcessor - DEBUG - 添加有效路径: C:\Users\Yt\Desktop\img\新建文件夹\微信图片_20250323211317.jpg
2025-03-24 22:02:19,591 - ImageProcessor - INFO - 最终解析结果: ['C:\\Users\\Yt\\Desktop\\img\\新建文件夹\\微信图片_20250323211329.jpg', 'C:\\Users\\Yt\\Desktop\\img\\新建文件夹\\微信图片_20250323211338.jpg', 'C:\\Users\\Yt\\Desktop\\img\\新建文件夹\\微信图片_20250323211349.jpg', 'C:\\Users\\Yt\\Desktop\\img\\新建文件夹\\微信图片_20250323211400.jpg', 'C:\\Users\\Yt\\Desktop\\img\\新建文件夹\\微信图片_20250323211417.jpg', 'C:\\Users\\Yt\\Desktop\\img\\新建文件夹\\微信图片_20250323211317.jpg']
2025-03-24 22:02:19,592 - ImageProcessor - INFO - 解析后的文件列表: ['C:\\Users\\Yt\\Desktop\\img\\新建文件夹\\微信图片_20250323211329.jpg', 'C:\\Users\\Yt\\Desktop\\img\\新建文件夹\\微信图片_20250323211338.jpg', 'C:\\Users\\Yt\\Desktop\\img\\新建文件夹\\微信图片_20250323211349.jpg', 'C:\\Users\\Yt\\Desktop\\img\\新建文件夹\\微信图片_20250323211400.jpg', 'C:\\Users\\Yt\\Desktop\\img\\新建文件夹\\微信图片_20250323211417.jpg', 'C:\\Users\\Yt\\Desktop\\img\\新建文件夹\\微信图片_20250323211317.jpg']
2025-03-24 22:02:19,592 - ImageProcessor - DEBUG - 处理文件: C:\Users\Yt\Desktop\img\新建文件夹\微信图片_20250323211329.jpg
2025-03-24 22:02:19,592 - ImageProcessor - DEBUG - 有效图片文件: C:\Users\Yt\Desktop\img\新建文件夹\微信图片_20250323211329.jpg
2025-03-24 22:02:19,592 - ImageProcessor - DEBUG - 处理文件: C:\Users\Yt\Desktop\img\新建文件夹\微信图片_20250323211338.jpg
2025-03-24 22:02:19,592 - ImageProcessor - DEBUG - 有效图片文件: C:\Users\Yt\Desktop\img\新建文件夹\微信图片_20250323211338.jpg
2025-03-24 22:02:19,592 - ImageProcessor - DEBUG - 处理文件: C:\Users\Yt\Desktop\img\新建文件夹\微信图片_20250323211349.jpg
2025-03-24 22:02:19,592 - ImageProcessor - DEBUG - 有效图片文件: C:\Users\Yt\Desktop\img\新建文件夹\微信图片_20250323211349.jpg
2025-03-24 22:02:19,592 - ImageProcessor - DEBUG - 处理文件: C:\Users\Yt\Desktop\img\新建文件夹\微信图片_20250323211400.jpg
2025-03-24 22:02:19,592 - ImageProcessor - DEBUG - 有效图片文件: C:\Users\Yt\Desktop\img\新建文件夹\微信图片_20250323211400.jpg
2025-03-24 22:02:19,592 - ImageProcessor - DEBUG - 处理文件: C:\Users\Yt\Desktop\img\新建文件夹\微信图片_20250323211417.jpg
2025-03-24 22:02:19,592 - ImageProcessor - DEBUG - 有效图片文件: C:\Users\Yt\Desktop\img\新建文件夹\微信图片_20250323211417.jpg
2025-03-24 22:02:19,592 - ImageProcessor - DEBUG - 处理文件: C:\Users\Yt\Desktop\img\新建文件夹\微信图片_20250323211317.jpg
2025-03-24 22:02:19,592 - ImageProcessor - DEBUG - 有效图片文件: C:\Users\Yt\Desktop\img\新建文件夹\微信图片_20250323211317.jpg
2025-03-24 22:02:19,592 - ImageProcessor - INFO - 添加了 6 个文件，有效添加 6 个（去重后）
2025-03-24 22:02:19,643 - ImageProcessor - DEBUG - 成功预览图片: C:\Users\Yt\Desktop\img\新建文件夹\微信图片_20250323211329.jpg
2025-03-24 22:02:20,491 - ImageProcessor - INFO - 初始化OCR引擎，使用语言: ['ch_sim', 'en']
2025-03-24 22:02:20,495 - ImageProcessor - INFO - GPU加速状态: 不可用
2025-03-24 22:02:48,348 - ImageProcessor.ProcessThread - DEBUG - 原始方向(0°)识别到38个文本，总置信度: 2.096619099826804
2025-03-24 22:03:00,132 - ImageProcessor.ProcessThread - DEBUG - 旋转90°识别到53个文本，总置信度: 2.9052561411350957
2025-03-24 22:03:11,159 - ImageProcessor.ProcessThread - DEBUG - 旋转180°识别到33个文本，总置信度: 2.337730606601889
2025-03-24 22:03:23,102 - ImageProcessor.ProcessThread - DEBUG - 旋转270°识别到65个文本，总置信度: 22.18425475601433
2025-03-24 22:03:23,109 - ImageProcessor.ProcessThread - DEBUG - 图片 微信图片_20250323211329.jpg 旋转了 270 度
2025-03-24 22:03:35,998 - ImageProcessor.ProcessThread - DEBUG - 原始方向(0°)识别到42个文本，总置信度: 1.2557725372617714
2025-03-24 22:03:50,419 - ImageProcessor.ProcessThread - DEBUG - 旋转90°识别到70个文本，总置信度: 17.52915514251985
2025-03-24 22:04:02,320 - ImageProcessor.ProcessThread - DEBUG - 旋转180°识别到36个文本，总置信度: 0.9074857051362454
2025-03-24 22:04:16,553 - ImageProcessor.ProcessThread - DEBUG - 旋转270°识别到56个文本，总置信度: 1.906615324159011
2025-03-24 22:04:16,562 - ImageProcessor.ProcessThread - DEBUG - 图片 微信图片_20250323211338.jpg 旋转了 90 度
2025-03-24 22:04:27,458 - ImageProcessor.ProcessThread - DEBUG - 原始方向(0°)识别到8个文本，总置信度: 1.0321735868758313
2025-03-24 22:04:39,279 - ImageProcessor.ProcessThread - DEBUG - 旋转90°识别到9个文本，总置信度: 0.8638936865076272
2025-03-24 22:04:50,135 - ImageProcessor.ProcessThread - DEBUG - 旋转180°识别到9个文本，总置信度: 1.0007923431893122
2025-03-24 22:05:02,494 - ImageProcessor.ProcessThread - DEBUG - 旋转270°识别到10个文本，总置信度: 7.647683571902046
2025-03-24 22:05:02,503 - ImageProcessor.ProcessThread - DEBUG - 图片 微信图片_20250323211349.jpg 旋转了 270 度
2025-03-24 22:05:15,356 - ImageProcessor.ProcessThread - DEBUG - 原始方向(0°)识别到34个文本，总置信度: 1.7753170573172607
2025-03-24 22:05:29,983 - ImageProcessor.ProcessThread - DEBUG - 旋转90°识别到63个文本，总置信度: 12.876717160667978
2025-03-24 22:05:42,221 - ImageProcessor.ProcessThread - DEBUG - 旋转180°识别到34个文本，总置信度: 1.6072941060463832
2025-03-24 22:05:58,527 - ImageProcessor.ProcessThread - DEBUG - 旋转270°识别到52个文本，总置信度: 4.4726154870154975
2025-03-24 22:05:58,536 - ImageProcessor.ProcessThread - DEBUG - 图片 微信图片_20250323211400.jpg 旋转了 90 度
2025-03-24 22:06:11,481 - ImageProcessor.ProcessThread - DEBUG - 原始方向(0°)识别到41个文本，总置信度: 1.382811818846505
2025-03-24 22:06:26,258 - ImageProcessor.ProcessThread - DEBUG - 旋转90°识别到67个文本，总置信度: 17.87938539505851
2025-03-24 22:06:38,050 - ImageProcessor.ProcessThread - DEBUG - 旋转180°识别到31个文本，总置信度: 1.6180435705715333
2025-03-24 22:06:52,861 - ImageProcessor.ProcessThread - DEBUG - 旋转270°识别到66个文本，总置信度: 5.856810331535537
2025-03-24 22:06:52,871 - ImageProcessor.ProcessThread - DEBUG - 图片 微信图片_20250323211417.jpg 旋转了 90 度
2025-03-24 22:07:03,986 - ImageProcessor.ProcessThread - DEBUG - 原始方向(0°)识别到10个文本，总置信度: 0.09249367789931273
2025-03-24 22:07:15,651 - ImageProcessor.ProcessThread - DEBUG - 旋转90°识别到10个文本，总置信度: 0.49849445924318136
2025-03-24 22:07:26,625 - ImageProcessor.ProcessThread - DEBUG - 旋转180°识别到7个文本，总置信度: 0.14044194551178085
2025-03-24 22:07:37,430 - ImageProcessor.ProcessThread - DEBUG - 旋转270°识别到11个文本，总置信度: 6.000047038462516
2025-03-24 22:07:37,438 - ImageProcessor.ProcessThread - DEBUG - 图片 微信图片_20250323211317.jpg 旋转了 270 度
2025-03-24 22:07:37,734 - ImageProcessor - ERROR - 预览图片出错 <PIL.Image.Image image mode=RGB size=1707x1280 at 0x21A314C7BB0>: 'PySide6.QtGui.QImage.__init__' called with wrong argument types:
  PySide6.QtGui.QImage.__init__(Image)
Supported signatures:
  PySide6.QtGui.QImage.__init__()
  PySide6.QtGui.QImage.__init__(str, int, int, PySide6.QtGui.QImage.Format)
  PySide6.QtGui.QImage.__init__(str, int, int, int, PySide6.QtGui.QImage.Format)
  PySide6.QtGui.QImage.__init__(Union[PySide6.QtGui.QImage, str])
  PySide6.QtGui.QImage.__init__(bytes, int, int, int, PySide6.QtGui.QImage.Format, Optional[Callable] = None, Optional[int] = None)
  PySide6.QtGui.QImage.__init__(bytes, int, int, PySide6.QtGui.QImage.Format, Optional[Callable] = None, Optional[int] = None)
  PySide6.QtGui.QImage.__init__(Union[str, bytes, os.PathLike], Optional[bytes] = None)
  PySide6.QtGui.QImage.__init__(PySide6.QtCore.QSize, PySide6.QtGui.QImage.Format)
  PySide6.QtGui.QImage.__init__(int, int, PySide6.QtGui.QImage.Format)
  PySide6.QtGui.QImage.__init__(Iterable)
Traceback (most recent call last):
  File "C:\GitHub\ORC\main.py", line 647, in show_preview
    img = QImage(filepath)
TypeError: 'PySide6.QtGui.QImage.__init__' called with wrong argument types:
  PySide6.QtGui.QImage.__init__(Image)
Supported signatures:
  PySide6.QtGui.QImage.__init__()
  PySide6.QtGui.QImage.__init__(str, int, int, PySide6.QtGui.QImage.Format)
  PySide6.QtGui.QImage.__init__(str, int, int, int, PySide6.QtGui.QImage.Format)
  PySide6.QtGui.QImage.__init__(Union[PySide6.QtGui.QImage, str])
  PySide6.QtGui.QImage.__init__(bytes, int, int, int, PySide6.QtGui.QImage.Format, Optional[Callable] = None, Optional[int] = None)
  PySide6.QtGui.QImage.__init__(bytes, int, int, PySide6.QtGui.QImage.Format, Optional[Callable] = None, Optional[int] = None)
  PySide6.QtGui.QImage.__init__(Union[str, bytes, os.PathLike], Optional[bytes] = None)
  PySide6.QtGui.QImage.__init__(PySide6.QtCore.QSize, PySide6.QtGui.QImage.Format)
  PySide6.QtGui.QImage.__init__(int, int, PySide6.QtGui.QImage.Format)
  PySide6.QtGui.QImage.__init__(Iterable)
